The system is: Darwin - 20.6.0 - x86_64
Compiling the C compiler identification source file "CMakeCCompilerId.c" succeeded.
Compiler: /Library/Developer/CommandLineTools/usr/bin/cc 
Build flags: 
Id flags: -c 

The output was:
0


Compilation of the C compiler identification source "CMakeCCompilerId.c" produced "CMakeCCompilerId.o"

The C compiler identification is AppleClang, found in "/Users/jordanwinemiller/Desktop/professional/jccc/msu_1384/todo-list/cmake-build-debug/CMakeFiles/3.25.2/CompilerIdC/CMakeCCompilerId.o"

Compiling the CXX compiler identification source file "CMakeCXXCompilerId.cpp" succeeded.
Compiler: /Library/Developer/CommandLineTools/usr/bin/c++ 
Build flags: 
Id flags: -c 

The output was:
0


Compilation of the CXX compiler identification source "CMakeCXXCompilerId.cpp" produced "CMakeCXXCompilerId.o"

The CXX compiler identification is AppleClang, found in "/Users/jordanwinemiller/Desktop/professional/jccc/msu_1384/todo-list/cmake-build-debug/CMakeFiles/3.25.2/CompilerIdCXX/CMakeCXXCompilerId.o"

Detecting C compiler ABI info compiled with the following output:
Change Dir: /Users/jordanwinemiller/Desktop/professional/jccc/msu_1384/todo-list/cmake-build-debug/CMakeFiles/CMakeScratch/TryCompile-9mIADT

Run Build Command(s):/usr/bin/make -f Makefile cmTC_1f5aa/fast && /Library/Developer/CommandLineTools/usr/bin/make  -f CMakeFiles/cmTC_1f5aa.dir/build.make CMakeFiles/cmTC_1f5aa.dir/build
Building C object CMakeFiles/cmTC_1f5aa.dir/CMakeCCompilerABI.c.o
/Library/Developer/CommandLineTools/usr/bin/cc   -isysroot /Library/Developer/CommandLineTools/SDKs/MacOSX12.1.sdk -mmacosx-version-min=11.6 -fcolor-diagnostics   -v -Wl,-v -MD -MT CMakeFiles/cmTC_1f5aa.dir/CMakeCCompilerABI.c.o -MF CMakeFiles/cmTC_1f5aa.dir/CMakeCCompilerABI.c.o.d -o CMakeFiles/cmTC_1f5aa.dir/CMakeCCompilerABI.c.o -c /Applications/CLion.app/Contents/bin/cmake/mac/share/cmake-3.25/Modules/CMakeCCompilerABI.c
Apple clang version 13.0.0 (clang-1300.0.29.30)
Target: x86_64-apple-darwin20.6.0
Thread model: posix
InstalledDir: /Library/Developer/CommandLineTools/usr/bin
clang: [0;1;35mwarning: [0m[1m-Wl,-v: 'linker' input unused [-Wunused-command-line-argument][0m
 "/Library/Developer/CommandLineTools/usr/bin/clang" -cc1 -triple x86_64-apple-macosx11.6.0 -Wundef-prefix=TARGET_OS_ -Wdeprecated-objc-isa-usage -Werror=deprecated-objc-isa-usage -Werror=implicit-function-declaration -emit-obj -mrelax-all --mrelax-relocations -disable-free -disable-llvm-verifier -discard-value-names -main-file-name CMakeCCompilerABI.c -mrelocation-model pic -pic-level 2 -mframe-pointer=all -fno-strict-return -fno-rounding-math -munwind-tables -target-sdk-version=12.1 -fvisibility-inlines-hidden-static-local-var -target-cpu penryn -tune-cpu generic -debugger-tuning=lldb -target-linker-version 711 -v -resource-dir /Library/Developer/CommandLineTools/usr/lib/clang/13.0.0 -dependency-file CMakeFiles/cmTC_1f5aa.dir/CMakeCCompilerABI.c.o.d -skip-unused-modulemap-deps -MT CMakeFiles/cmTC_1f5aa.dir/CMakeCCompilerABI.c.o -sys-header-deps -isysroot /Library/Developer/CommandLineTools/SDKs/MacOSX12.1.sdk -internal-isystem /Library/Developer/CommandLineTools/SDKs/MacOSX12.1.sdk/usr/local/include -internal-isystem /Library/Developer/CommandLineTools/usr/lib/clang/13.0.0/include -internal-externc-isystem /Library/Developer/CommandLineTools/SDKs/MacOSX12.1.sdk/usr/include -internal-externc-isystem /Library/Developer/CommandLineTools/usr/include -Wno-reorder-init-list -Wno-implicit-int-float-conversion -Wno-c99-designator -Wno-final-dtor-non-final-class -Wno-extra-semi-stmt -Wno-misleading-indentation -Wno-quoted-include-in-framework-header -Wno-implicit-fallthrough -Wno-enum-enum-conversion -Wno-enum-float-conversion -Wno-elaborated-enum-base -fdebug-compilation-dir /Users/jordanwinemiller/Desktop/professional/jccc/msu_1384/todo-list/cmake-build-debug/CMakeFiles/CMakeScratch/TryCompile-9mIADT -ferror-limit 19 -stack-protector 1 -fstack-check -mdarwin-stkchk-strong-link -fblocks -fencode-extended-block-signature -fregister-global-dtors-with-atexit -fgnuc-version=4.2.1 -fmax-type-align=16 -fcommon -fcolor-diagnostics -clang-vendor-feature=+nullptrToBoolConversion -clang-vendor-feature=+messageToSelfInClassMethodIdReturnType -clang-vendor-feature=+disableInferNewAvailabilityFromInit -clang-vendor-feature=+disableNeonImmediateRangeCheck -clang-vendor-feature=+disableNonDependentMemberExprInCurrentInstantiation -fno-odr-hash-protocols -clang-vendor-feature=+revert09abecef7bbf -mllvm -disable-aligned-alloc-awareness=1 -mllvm -enable-dse-memoryssa=0 -o CMakeFiles/cmTC_1f5aa.dir/CMakeCCompilerABI.c.o -x c /Applications/CLion.app/Contents/bin/cmake/mac/share/cmake-3.25/Modules/CMakeCCompilerABI.c
clang -cc1 version 13.0.0 (clang-1300.0.29.30) default target x86_64-apple-darwin20.6.0
ignoring nonexistent directory "/Library/Developer/CommandLineTools/SDKs/MacOSX12.1.sdk/usr/local/include"
ignoring nonexistent directory "/Library/Developer/CommandLineTools/SDKs/MacOSX12.1.sdk/Library/Frameworks"
#include "..." search starts here:
#include <...> search starts here:
 /Library/Developer/CommandLineTools/usr/lib/clang/13.0.0/include
 /Library/Developer/CommandLineTools/SDKs/MacOSX12.1.sdk/usr/include
 /Library/Developer/CommandLineTools/usr/include
 /Library/Developer/CommandLineTools/SDKs/MacOSX12.1.sdk/System/Library/Frameworks (framework directory)
End of search list.
Linking C executable cmTC_1f5aa
/Applications/CLion.app/Contents/bin/cmake/mac/bin/cmake -E cmake_link_script CMakeFiles/cmTC_1f5aa.dir/link.txt --verbose=1
/Library/Developer/CommandLineTools/usr/bin/cc  -isysroot /Library/Developer/CommandLineTools/SDKs/MacOSX12.1.sdk -mmacosx-version-min=11.6 -Wl,-search_paths_first -Wl,-headerpad_max_install_names  -v -Wl,-v CMakeFiles/cmTC_1f5aa.dir/CMakeCCompilerABI.c.o -o cmTC_1f5aa 
Apple clang version 13.0.0 (clang-1300.0.29.30)
Target: x86_64-apple-darwin20.6.0
Thread model: posix
InstalledDir: /Library/Developer/CommandLineTools/usr/bin
 "/Library/Developer/CommandLineTools/usr/bin/ld" -demangle -lto_library /Library/Developer/CommandLineTools/usr/lib/libLTO.dylib -dynamic -arch x86_64 -platform_version macos 11.6.0 12.1 -syslibroot /Library/Developer/CommandLineTools/SDKs/MacOSX12.1.sdk -o cmTC_1f5aa -search_paths_first -headerpad_max_install_names -v CMakeFiles/cmTC_1f5aa.dir/CMakeCCompilerABI.c.o -lSystem /Library/Developer/CommandLineTools/usr/lib/clang/13.0.0/lib/darwin/libclang_rt.osx.a
@(#)PROGRAM:ld  PROJECT:ld64-711
BUILD 21:57:11 Nov 17 2021
configured to support archs: armv6 armv7 armv7s arm64 arm64e arm64_32 i386 x86_64 x86_64h armv6m armv7k armv7m armv7em
Library search paths:
	/Library/Developer/CommandLineTools/SDKs/MacOSX12.1.sdk/usr/lib
Framework search paths:
	/Library/Developer/CommandLineTools/SDKs/MacOSX12.1.sdk/System/Library/Frameworks/



Parsed C implicit include dir info from above output: rv=loading
  found start of include info
  warn: unable to parse implicit include dirs!


Parsed C implicit link information from above output:
  link line regex: [^( *|.*[/\])(ld|CMAKE_LINK_STARTFILE-NOTFOUND|([^/\]+-)?ld|collect2)[^/\]*( |$)]
  ignore line: [Change Dir: /Users/jordanwinemiller/Desktop/professional/jccc/msu_1384/todo-list/cmake-build-debug/CMakeFiles/CMakeScratch/TryCompile-9mIADT]
  ignore line: []
  ignore line: [Run Build Command(s):/usr/bin/make -f Makefile cmTC_1f5aa/fast && /Library/Developer/CommandLineTools/usr/bin/make  -f CMakeFiles/cmTC_1f5aa.dir/build.make CMakeFiles/cmTC_1f5aa.dir/build]
  ignore line: [Building C object CMakeFiles/cmTC_1f5aa.dir/CMakeCCompilerABI.c.o]
  ignore line: [/Library/Developer/CommandLineTools/usr/bin/cc   -isysroot /Library/Developer/CommandLineTools/SDKs/MacOSX12.1.sdk -mmacosx-version-min=11.6 -fcolor-diagnostics   -v -Wl -v -MD -MT CMakeFiles/cmTC_1f5aa.dir/CMakeCCompilerABI.c.o -MF CMakeFiles/cmTC_1f5aa.dir/CMakeCCompilerABI.c.o.d -o CMakeFiles/cmTC_1f5aa.dir/CMakeCCompilerABI.c.o -c /Applications/CLion.app/Contents/bin/cmake/mac/share/cmake-3.25/Modules/CMakeCCompilerABI.c]
  ignore line: [Apple clang version 13.0.0 (clang-1300.0.29.30)]
  ignore line: [Target: x86_64-apple-darwin20.6.0]
  ignore line: [Thread model: posix]
  ignore line: [InstalledDir: /Library/Developer/CommandLineTools/usr/bin]
  ignore line: [clang: [0;1;35mwarning: [0m[1m-Wl,-v: 'linker' input unused [-Wunused-command-line-argument][0m; "/Library/Developer/CommandLineTools/usr/bin/clang" -cc1 -triple x86_64-apple-macosx11.6.0 -Wundef-prefix=TARGET_OS_ -Wdeprecated-objc-isa-usage -Werror=deprecated-objc-isa-usage -Werror=implicit-function-declaration -emit-obj -mrelax-all --mrelax-relocations -disable-free -disable-llvm-verifier -discard-value-names -main-file-name CMakeCCompilerABI.c -mrelocation-model pic -pic-level 2 -mframe-pointer=all -fno-strict-return -fno-rounding-math -munwind-tables -target-sdk-version=12.1 -fvisibility-inlines-hidden-static-local-var -target-cpu penryn -tune-cpu generic -debugger-tuning=lldb -target-linker-version 711 -v -resource-dir /Library/Developer/CommandLineTools/usr/lib/clang/13.0.0 -dependency-file CMakeFiles/cmTC_1f5aa.dir/CMakeCCompilerABI.c.o.d -skip-unused-modulemap-deps -MT CMakeFiles/cmTC_1f5aa.dir/CMakeCCompilerABI.c.o -sys-header-deps -isysroot /Library/Developer/CommandLineTools/SDKs/MacOSX12.1.sdk -internal-isystem /Library/Developer/CommandLineTools/SDKs/MacOSX12.1.sdk/usr/local/include -internal-isystem /Library/Developer/CommandLineTools/usr/lib/clang/13.0.0/include -internal-externc-isystem /Library/Developer/CommandLineTools/SDKs/MacOSX12.1.sdk/usr/include -internal-externc-isystem /Library/Developer/CommandLineTools/usr/include -Wno-reorder-init-list -Wno-implicit-int-float-conversion -Wno-c99-designator -Wno-final-dtor-non-final-class -Wno-extra-semi-stmt -Wno-misleading-indentation -Wno-quoted-include-in-framework-header -Wno-implicit-fallthrough -Wno-enum-enum-conversion -Wno-enum-float-conversion -Wno-elaborated-enum-base -fdebug-compilation-dir /Users/jordanwinemiller/Desktop/professional/jccc/msu_1384/todo-list/cmake-build-debug/CMakeFiles/CMakeScratch/TryCompile-9mIADT -ferror-limit 19 -stack-protector 1 -fstack-check -mdarwin-stkchk-strong-link -fblocks -fencode-extended-block-signature -fregister-global-dtors-with-atexit -fgnuc-version=4.2.1 -fmax-type-align=16 -fcommon -fcolor-diagnostics -clang-vendor-feature=+nullptrToBoolConversion -clang-vendor-feature=+messageToSelfInClassMethodIdReturnType -clang-vendor-feature=+disableInferNewAvailabilityFromInit -clang-vendor-feature=+disableNeonImmediateRangeCheck -clang-vendor-feature=+disableNonDependentMemberExprInCurrentInstantiation -fno-odr-hash-protocols -clang-vendor-feature=+revert09abecef7bbf -mllvm -disable-aligned-alloc-awareness=1 -mllvm -enable-dse-memoryssa=0 -o CMakeFiles/cmTC_1f5aa.dir/CMakeCCompilerABI.c.o -x c /Applications/CLion.app/Contents/bin/cmake/mac/share/cmake-3.25/Modules/CMakeCCompilerABI.c;clang -cc1 version 13.0.0 (clang-1300.0.29.30) default target x86_64-apple-darwin20.6.0;ignoring nonexistent directory "/Library/Developer/CommandLineTools/SDKs/MacOSX12.1.sdk/usr/local/include";ignoring nonexistent directory "/Library/Developer/CommandLineTools/SDKs/MacOSX12.1.sdk/Library/Frameworks";#include "..." search starts here:;#include <...> search starts here:; /Library/Developer/CommandLineTools/usr/lib/clang/13.0.0/include; /Library/Developer/CommandLineTools/SDKs/MacOSX12.1.sdk/usr/include; /Library/Developer/CommandLineTools/usr/include; /Library/Developer/CommandLineTools/SDKs/MacOSX12.1.sdk/System/Library/Frameworks (framework directory);End of search list.;Linking C executable cmTC_1f5aa;/Applications/CLion.app/Contents/bin/cmake/mac/bin/cmake -E cmake_link_script CMakeFiles/cmTC_1f5aa.dir/link.txt --verbose=1;/Library/Developer/CommandLineTools/usr/bin/cc  -isysroot /Library/Developer/CommandLineTools/SDKs/MacOSX12.1.sdk -mmacosx-version-min=11.6 -Wl,-search_paths_first -Wl,-headerpad_max_install_names  -v -Wl,-v CMakeFiles/cmTC_1f5aa.dir/CMakeCCompilerABI.c.o -o cmTC_1f5aa ;Apple clang version 13.0.0 (clang-1300.0.29.30);Target: x86_64-apple-darwin20.6.0;Thread model: posix;InstalledDir: /Library/Developer/CommandLineTools/usr/bin; "/Library/Developer/CommandLineTools/usr/bin/ld" -demangle -lto_library /Library/Developer/CommandLineTools/usr/lib/libLTO.dylib -dynamic -arch x86_64 -platform_version macos 11.6.0 12.1 -syslibroot /Library/Developer/CommandLineTools/SDKs/MacOSX12.1.sdk -o cmTC_1f5aa -search_paths_first -headerpad_max_install_names -v CMakeFiles/cmTC_1f5aa.dir/CMakeCCompilerABI.c.o -lSystem /Library/Developer/CommandLineTools/usr/lib/clang/13.0.0/lib/darwin/libclang_rt.osx.a;@(#)PROGRAM:ld  PROJECT:ld64-711;BUILD 21:57:11 Nov 17 2021;configured to support archs: armv6 armv7 armv7s arm64 arm64e arm64_32 i386 x86_64 x86_64h armv6m armv7k armv7m armv7em;Library search paths:;	/Library/Developer/CommandLineTools/SDKs/MacOSX12.1.sdk/usr/lib;Framework search paths:;	/Library/Developer/CommandLineTools/SDKs/MacOSX12.1.sdk/System/Library/Frameworks/;;]
  Library search paths: [;/Library/Developer/CommandLineTools/SDKs/MacOSX12.1.sdk/usr/lib]
  Framework search paths: [;/Library/Developer/CommandLineTools/SDKs/MacOSX12.1.sdk/System/Library/Frameworks/]
  collapse library dir [/Library/Developer/CommandLineTools/SDKs/MacOSX12.1.sdk/usr/lib] ==> [/Library/Developer/CommandLineTools/SDKs/MacOSX12.1.sdk/usr/lib]
  collapse framework dir [/Library/Developer/CommandLineTools/SDKs/MacOSX12.1.sdk/System/Library/Frameworks/] ==> [/Library/Developer/CommandLineTools/SDKs/MacOSX12.1.sdk/System/Library/Frameworks]
  implicit libs: []
  implicit objs: []
  implicit dirs: [/Library/Developer/CommandLineTools/SDKs/MacOSX12.1.sdk/usr/lib]
  implicit fwks: [/Library/Developer/CommandLineTools/SDKs/MacOSX12.1.sdk/System/Library/Frameworks]


Detecting CXX compiler ABI info compiled with the following output:
Change Dir: /Users/jordanwinemiller/Desktop/professional/jccc/msu_1384/todo-list/cmake-build-debug/CMakeFiles/CMakeScratch/TryCompile-xQUNCt

Run Build Command(s):/usr/bin/make -f Makefile cmTC_045f5/fast && /Library/Developer/CommandLineTools/usr/bin/make  -f CMakeFiles/cmTC_045f5.dir/build.make CMakeFiles/cmTC_045f5.dir/build
Building CXX object CMakeFiles/cmTC_045f5.dir/CMakeCXXCompilerABI.cpp.o
/Library/Developer/CommandLineTools/usr/bin/c++   -isysroot /Library/Developer/CommandLineTools/SDKs/MacOSX12.1.sdk -mmacosx-version-min=11.6 -fcolor-diagnostics   -v -Wl,-v -MD -MT CMakeFiles/cmTC_045f5.dir/CMakeCXXCompilerABI.cpp.o -MF CMakeFiles/cmTC_045f5.dir/CMakeCXXCompilerABI.cpp.o.d -o CMakeFiles/cmTC_045f5.dir/CMakeCXXCompilerABI.cpp.o -c /Applications/CLion.app/Contents/bin/cmake/mac/share/cmake-3.25/Modules/CMakeCXXCompilerABI.cpp
Apple clang version 13.0.0 (clang-1300.0.29.30)
Target: x86_64-apple-darwin20.6.0
Thread model: posix
InstalledDir: /Library/Developer/CommandLineTools/usr/bin
clang: [0;1;35mwarning: [0m[1m-Wl,-v: 'linker' input unused [-Wunused-command-line-argument][0m
 "/Library/Developer/CommandLineTools/usr/bin/clang" -cc1 -triple x86_64-apple-macosx11.6.0 -Wundef-prefix=TARGET_OS_ -Wdeprecated-objc-isa-usage -Werror=deprecated-objc-isa-usage -Werror=implicit-function-declaration -emit-obj -mrelax-all --mrelax-relocations -disable-free -disable-llvm-verifier -discard-value-names -main-file-name CMakeCXXCompilerABI.cpp -mrelocation-model pic -pic-level 2 -mframe-pointer=all -fno-strict-return -fno-rounding-math -munwind-tables -target-sdk-version=12.1 -fvisibility-inlines-hidden-static-local-var -target-cpu penryn -tune-cpu generic -debugger-tuning=lldb -target-linker-version 711 -v -resource-dir /Library/Developer/CommandLineTools/usr/lib/clang/13.0.0 -dependency-file CMakeFiles/cmTC_045f5.dir/CMakeCXXCompilerABI.cpp.o.d -skip-unused-modulemap-deps -MT CMakeFiles/cmTC_045f5.dir/CMakeCXXCompilerABI.cpp.o -sys-header-deps -isysroot /Library/Developer/CommandLineTools/SDKs/MacOSX12.1.sdk -stdlib=libc++ -internal-isystem /Library/Developer/CommandLineTools/SDKs/MacOSX12.1.sdk/usr/include/c++/v1 -internal-isystem /Library/Developer/CommandLineTools/SDKs/MacOSX12.1.sdk/usr/local/include -internal-isystem /Library/Developer/CommandLineTools/usr/lib/clang/13.0.0/include -internal-externc-isystem /Library/Developer/CommandLineTools/SDKs/MacOSX12.1.sdk/usr/include -internal-externc-isystem /Library/Developer/CommandLineTools/usr/include -Wno-reorder-init-list -Wno-implicit-int-float-conversion -Wno-c99-designator -Wno-final-dtor-non-final-class -Wno-extra-semi-stmt -Wno-misleading-indentation -Wno-quoted-include-in-framework-header -Wno-implicit-fallthrough -Wno-enum-enum-conversion -Wno-enum-float-conversion -Wno-elaborated-enum-base -fdeprecated-macro -fdebug-compilation-dir /Users/jordanwinemiller/Desktop/professional/jccc/msu_1384/todo-list/cmake-build-debug/CMakeFiles/CMakeScratch/TryCompile-xQUNCt -ferror-limit 19 -stack-protector 1 -fstack-check -mdarwin-stkchk-strong-link -fblocks -fencode-extended-block-signature -fregister-global-dtors-with-atexit -fgnuc-version=4.2.1 -fno-cxx-modules -fcxx-exceptions -fexceptions -fmax-type-align=16 -fcommon -fcolor-diagnostics -clang-vendor-feature=+nullptrToBoolConversion -clang-vendor-feature=+messageToSelfInClassMethodIdReturnType -clang-vendor-feature=+disableInferNewAvailabilityFromInit -clang-vendor-feature=+disableNeonImmediateRangeCheck -clang-vendor-feature=+disableNonDependentMemberExprInCurrentInstantiation -fno-odr-hash-protocols -clang-vendor-feature=+revert09abecef7bbf -mllvm -disable-aligned-alloc-awareness=1 -mllvm -enable-dse-memoryssa=0 -o CMakeFiles/cmTC_045f5.dir/CMakeCXXCompilerABI.cpp.o -x c++ /Applications/CLion.app/Contents/bin/cmake/mac/share/cmake-3.25/Modules/CMakeCXXCompilerABI.cpp
clang -cc1 version 13.0.0 (clang-1300.0.29.30) default target x86_64-apple-darwin20.6.0
ignoring nonexistent directory "/Library/Developer/CommandLineTools/SDKs/MacOSX12.1.sdk/usr/local/include"
ignoring nonexistent directory "/Library/Developer/CommandLineTools/SDKs/MacOSX12.1.sdk/Library/Frameworks"
#include "..." search starts here:
#include <...> search starts here:
 /Library/Developer/CommandLineTools/SDKs/MacOSX12.1.sdk/usr/include/c++/v1
 /Library/Developer/CommandLineTools/usr/lib/clang/13.0.0/include
 /Library/Developer/CommandLineTools/SDKs/MacOSX12.1.sdk/usr/include
 /Library/Developer/CommandLineTools/usr/include
 /Library/Developer/CommandLineTools/SDKs/MacOSX12.1.sdk/System/Library/Frameworks (framework directory)
End of search list.
Linking CXX executable cmTC_045f5
/Applications/CLion.app/Contents/bin/cmake/mac/bin/cmake -E cmake_link_script CMakeFiles/cmTC_045f5.dir/link.txt --verbose=1
/Library/Developer/CommandLineTools/usr/bin/c++  -isysroot /Library/Developer/CommandLineTools/SDKs/MacOSX12.1.sdk -mmacosx-version-min=11.6 -Wl,-search_paths_first -Wl,-headerpad_max_install_names  -v -Wl,-v CMakeFiles/cmTC_045f5.dir/CMakeCXXCompilerABI.cpp.o -o cmTC_045f5 
Apple clang version 13.0.0 (clang-1300.0.29.30)
Target: x86_64-apple-darwin20.6.0
Thread model: posix
InstalledDir: /Library/Developer/CommandLineTools/usr/bin
 "/Library/Developer/CommandLineTools/usr/bin/ld" -demangle -lto_library /Library/Developer/CommandLineTools/usr/lib/libLTO.dylib -dynamic -arch x86_64 -platform_version macos 11.6.0 12.1 -syslibroot /Library/Developer/CommandLineTools/SDKs/MacOSX12.1.sdk -o cmTC_045f5 -search_paths_first -headerpad_max_install_names -v CMakeFiles/cmTC_045f5.dir/CMakeCXXCompilerABI.cpp.o -lc++ -lSystem /Library/Developer/CommandLineTools/usr/lib/clang/13.0.0/lib/darwin/libclang_rt.osx.a
@(#)PROGRAM:ld  PROJECT:ld64-711
BUILD 21:57:11 Nov 17 2021
configured to support archs: armv6 armv7 armv7s arm64 arm64e arm64_32 i386 x86_64 x86_64h armv6m armv7k armv7m armv7em
Library search paths:
	/Library/Developer/CommandLineTools/SDKs/MacOSX12.1.sdk/usr/lib
Framework search paths:
	/Library/Developer/CommandLineTools/SDKs/MacOSX12.1.sdk/System/Library/Frameworks/



Parsed CXX implicit include dir info from above output: rv=loading
  found start of include info
  warn: unable to parse implicit include dirs!


Parsed CXX implicit link information from above output:
  link line regex: [^( *|.*[/\])(ld|CMAKE_LINK_STARTFILE-NOTFOUND|([^/\]+-)?ld|collect2)[^/\]*( |$)]
  ignore line: [Change Dir: /Users/jordanwinemiller/Desktop/professional/jccc/msu_1384/todo-list/cmake-build-debug/CMakeFiles/CMakeScratch/TryCompile-xQUNCt]
  ignore line: []
  ignore line: [Run Build Command(s):/usr/bin/make -f Makefile cmTC_045f5/fast && /Library/Developer/CommandLineTools/usr/bin/make  -f CMakeFiles/cmTC_045f5.dir/build.make CMakeFiles/cmTC_045f5.dir/build]
  ignore line: [Building CXX object CMakeFiles/cmTC_045f5.dir/CMakeCXXCompilerABI.cpp.o]
  ignore line: [/Library/Developer/CommandLineTools/usr/bin/c++   -isysroot /Library/Developer/CommandLineTools/SDKs/MacOSX12.1.sdk -mmacosx-version-min=11.6 -fcolor-diagnostics   -v -Wl -v -MD -MT CMakeFiles/cmTC_045f5.dir/CMakeCXXCompilerABI.cpp.o -MF CMakeFiles/cmTC_045f5.dir/CMakeCXXCompilerABI.cpp.o.d -o CMakeFiles/cmTC_045f5.dir/CMakeCXXCompilerABI.cpp.o -c /Applications/CLion.app/Contents/bin/cmake/mac/share/cmake-3.25/Modules/CMakeCXXCompilerABI.cpp]
  ignore line: [Apple clang version 13.0.0 (clang-1300.0.29.30)]
  ignore line: [Target: x86_64-apple-darwin20.6.0]
  ignore line: [Thread model: posix]
  ignore line: [InstalledDir: /Library/Developer/CommandLineTools/usr/bin]
  ignore line: [clang: [0;1;35mwarning: [0m[1m-Wl,-v: 'linker' input unused [-Wunused-command-line-argument][0m; "/Library/Developer/CommandLineTools/usr/bin/clang" -cc1 -triple x86_64-apple-macosx11.6.0 -Wundef-prefix=TARGET_OS_ -Wdeprecated-objc-isa-usage -Werror=deprecated-objc-isa-usage -Werror=implicit-function-declaration -emit-obj -mrelax-all --mrelax-relocations -disable-free -disable-llvm-verifier -discard-value-names -main-file-name CMakeCXXCompilerABI.cpp -mrelocation-model pic -pic-level 2 -mframe-pointer=all -fno-strict-return -fno-rounding-math -munwind-tables -target-sdk-version=12.1 -fvisibility-inlines-hidden-static-local-var -target-cpu penryn -tune-cpu generic -debugger-tuning=lldb -target-linker-version 711 -v -resource-dir /Library/Developer/CommandLineTools/usr/lib/clang/13.0.0 -dependency-file CMakeFiles/cmTC_045f5.dir/CMakeCXXCompilerABI.cpp.o.d -skip-unused-modulemap-deps -MT CMakeFiles/cmTC_045f5.dir/CMakeCXXCompilerABI.cpp.o -sys-header-deps -isysroot /Library/Developer/CommandLineTools/SDKs/MacOSX12.1.sdk -stdlib=libc++ -internal-isystem /Library/Developer/CommandLineTools/SDKs/MacOSX12.1.sdk/usr/include/c++/v1 -internal-isystem /Library/Developer/CommandLineTools/SDKs/MacOSX12.1.sdk/usr/local/include -internal-isystem /Library/Developer/CommandLineTools/usr/lib/clang/13.0.0/include -internal-externc-isystem /Library/Developer/CommandLineTools/SDKs/MacOSX12.1.sdk/usr/include -internal-externc-isystem /Library/Developer/CommandLineTools/usr/include -Wno-reorder-init-list -Wno-implicit-int-float-conversion -Wno-c99-designator -Wno-final-dtor-non-final-class -Wno-extra-semi-stmt -Wno-misleading-indentation -Wno-quoted-include-in-framework-header -Wno-implicit-fallthrough -Wno-enum-enum-conversion -Wno-enum-float-conversion -Wno-elaborated-enum-base -fdeprecated-macro -fdebug-compilation-dir /Users/jordanwinemiller/Desktop/professional/jccc/msu_1384/todo-list/cmake-build-debug/CMakeFiles/CMakeScratch/TryCompile-xQUNCt -ferror-limit 19 -stack-protector 1 -fstack-check -mdarwin-stkchk-strong-link -fblocks -fencode-extended-block-signature -fregister-global-dtors-with-atexit -fgnuc-version=4.2.1 -fno-cxx-modules -fcxx-exceptions -fexceptions -fmax-type-align=16 -fcommon -fcolor-diagnostics -clang-vendor-feature=+nullptrToBoolConversion -clang-vendor-feature=+messageToSelfInClassMethodIdReturnType -clang-vendor-feature=+disableInferNewAvailabilityFromInit -clang-vendor-feature=+disableNeonImmediateRangeCheck -clang-vendor-feature=+disableNonDependentMemberExprInCurrentInstantiation -fno-odr-hash-protocols -clang-vendor-feature=+revert09abecef7bbf -mllvm -disable-aligned-alloc-awareness=1 -mllvm -enable-dse-memoryssa=0 -o CMakeFiles/cmTC_045f5.dir/CMakeCXXCompilerABI.cpp.o -x c++ /Applications/CLion.app/Contents/bin/cmake/mac/share/cmake-3.25/Modules/CMakeCXXCompilerABI.cpp;clang -cc1 version 13.0.0 (clang-1300.0.29.30) default target x86_64-apple-darwin20.6.0;ignoring nonexistent directory "/Library/Developer/CommandLineTools/SDKs/MacOSX12.1.sdk/usr/local/include";ignoring nonexistent directory "/Library/Developer/CommandLineTools/SDKs/MacOSX12.1.sdk/Library/Frameworks";#include "..." search starts here:;#include <...> search starts here:; /Library/Developer/CommandLineTools/SDKs/MacOSX12.1.sdk/usr/include/c++/v1; /Library/Developer/CommandLineTools/usr/lib/clang/13.0.0/include; /Library/Developer/CommandLineTools/SDKs/MacOSX12.1.sdk/usr/include; /Library/Developer/CommandLineTools/usr/include; /Library/Developer/CommandLineTools/SDKs/MacOSX12.1.sdk/System/Library/Frameworks (framework directory);End of search list.;Linking CXX executable cmTC_045f5;/Applications/CLion.app/Contents/bin/cmake/mac/bin/cmake -E cmake_link_script CMakeFiles/cmTC_045f5.dir/link.txt --verbose=1;/Library/Developer/CommandLineTools/usr/bin/c++  -isysroot /Library/Developer/CommandLineTools/SDKs/MacOSX12.1.sdk -mmacosx-version-min=11.6 -Wl,-search_paths_first -Wl,-headerpad_max_install_names  -v -Wl,-v CMakeFiles/cmTC_045f5.dir/CMakeCXXCompilerABI.cpp.o -o cmTC_045f5 ;Apple clang version 13.0.0 (clang-1300.0.29.30);Target: x86_64-apple-darwin20.6.0;Thread model: posix;InstalledDir: /Library/Developer/CommandLineTools/usr/bin; "/Library/Developer/CommandLineTools/usr/bin/ld" -demangle -lto_library /Library/Developer/CommandLineTools/usr/lib/libLTO.dylib -dynamic -arch x86_64 -platform_version macos 11.6.0 12.1 -syslibroot /Library/Developer/CommandLineTools/SDKs/MacOSX12.1.sdk -o cmTC_045f5 -search_paths_first -headerpad_max_install_names -v CMakeFiles/cmTC_045f5.dir/CMakeCXXCompilerABI.cpp.o -lc++ -lSystem /Library/Developer/CommandLineTools/usr/lib/clang/13.0.0/lib/darwin/libclang_rt.osx.a;@(#)PROGRAM:ld  PROJECT:ld64-711;BUILD 21:57:11 Nov 17 2021;configured to support archs: armv6 armv7 armv7s arm64 arm64e arm64_32 i386 x86_64 x86_64h armv6m armv7k armv7m armv7em;Library search paths:;	/Library/Developer/CommandLineTools/SDKs/MacOSX12.1.sdk/usr/lib;Framework search paths:;	/Library/Developer/CommandLineTools/SDKs/MacOSX12.1.sdk/System/Library/Frameworks/;;]
  Library search paths: [;/Library/Developer/CommandLineTools/SDKs/MacOSX12.1.sdk/usr/lib]
  Framework search paths: [;/Library/Developer/CommandLineTools/SDKs/MacOSX12.1.sdk/System/Library/Frameworks/]
  collapse library dir [/Library/Developer/CommandLineTools/SDKs/MacOSX12.1.sdk/usr/lib] ==> [/Library/Developer/CommandLineTools/SDKs/MacOSX12.1.sdk/usr/lib]
  collapse framework dir [/Library/Developer/CommandLineTools/SDKs/MacOSX12.1.sdk/System/Library/Frameworks/] ==> [/Library/Developer/CommandLineTools/SDKs/MacOSX12.1.sdk/System/Library/Frameworks]
  implicit libs: []
  implicit objs: []
  implicit dirs: [/Library/Developer/CommandLineTools/SDKs/MacOSX12.1.sdk/usr/lib]
  implicit fwks: [/Library/Developer/CommandLineTools/SDKs/MacOSX12.1.sdk/System/Library/Frameworks]


